<?xml version="1.0" encoding="UTF-8"?>
<testsuite name="org.thoughtworks.service.HelloWorldServiceTest" tests="1" skipped="0" failures="0" errors="0" timestamp="2016-11-18T08:48:01" hostname="in-soodd.local" time="0.0">
  <properties/>
  <testcase name="shouldSayHello" classname="org.thoughtworks.service.HelloWorldServiceTest" time="0.0"/>
  <system-out><![CDATA[]]></system-out>
  <system-err><![CDATA[]]></system-err>
</testsuite>
