<?xml version="1.0" encoding="UTF-8"?>
<testsuite name="org.thoughtworks.resource.HelloWorldResourceTest" tests="1" skipped="0" failures="0" errors="0" timestamp="2016-11-18T08:48:00" hostname="in-soodd.local" time="0.224">
  <properties/>
  <testcase name="shouldSayHello" classname="org.thoughtworks.resource.HelloWorldResourceTest" time="0.224"/>
  <system-out><![CDATA[]]></system-out>
  <system-err><![CDATA[]]></system-err>
</testsuite>
